[2026-02-16T06:08:24.625Z] 
======================================================================
[2026-02-16T06:08:24.641Z] 🚀 SPRINT 4 BATCH 1: Generate 417 Intent Pages
[2026-02-16T06:08:24.676Z] ======================================================================

[2026-02-16T06:08:24.676Z] Target: Intents 1-417
[2026-02-16T06:08:24.677Z] Start time: 2026-02-16T06:08:24.677Z
[2026-02-16T06:08:24.677Z] Rate limit: 10 requests/min

[2026-02-16T06:08:24.679Z] 📋 Loading intents 1-417...

[2026-02-16T06:08:24.708Z] ✅ Loaded 417 intents for batch 1
[2026-02-16T06:08:24.709Z]    Top intent: For Tattoos (8900/mo)
[2026-02-16T06:08:24.711Z]    Last intent: Discipline Nlt (577/mo)

[2026-02-16T06:08:24.712Z] 
[1/417] Processing: For Tattoos (for-tattoos)
[2026-02-16T06:08:24.712Z]    Search volume: 8900/mo | Competition: 55%
[2026-02-16T06:08:24.767Z]    Fetched 25 verses
[2026-02-16T06:08:24.767Z]    Generating content...
[2026-02-16T06:09:45.766Z]    Generated: 263 intro words, 331 guidance words, 10 FAQs
[2026-02-16T06:09:45.784Z]    ❌ FAILED: column "title" of relation "intent_pages" does not exist
[2026-02-16T06:09:51.786Z] 
[2/417] Processing: For Weddings (for-weddings)
[2026-02-16T06:09:51.786Z]    Search volume: 7200/mo | Competition: 45%
[2026-02-16T06:09:51.791Z]    Fetched 25 verses
[2026-02-16T06:09:51.791Z]    Generating content...
[2026-02-16T06:10:28.306Z] 
======================================================================
[2026-02-16T06:10:28.311Z] 🚀 SPRINT 4 BATCH 1: Generate 417 Intent Pages
[2026-02-16T06:10:28.311Z] ======================================================================

[2026-02-16T06:10:28.311Z] Target: Intents 1-417
[2026-02-16T06:10:28.311Z] Start time: 2026-02-16T06:10:28.311Z
[2026-02-16T06:10:28.311Z] Rate limit: 10 requests/min

[2026-02-16T06:10:28.311Z] 📋 Loading intents 1-417...

[2026-02-16T06:10:28.317Z] ✅ Loaded 417 intents for batch 1
[2026-02-16T06:10:28.317Z]    Top intent: For Tattoos (8900/mo)
[2026-02-16T06:10:28.317Z]    Last intent: Discipline Nlt (577/mo)

[2026-02-16T06:10:28.318Z] 
[1/417] Processing: For Tattoos (for-tattoos)
[2026-02-16T06:10:28.318Z]    Search volume: 8900/mo | Competition: 55%
[2026-02-16T06:10:28.371Z]    Fetched 25 verses
[2026-02-16T06:10:28.371Z]    Generating content...
[2026-02-16T06:11:40.565Z]    Generated: 261 intro words, 340 guidance words, 10 FAQs
[2026-02-16T06:11:40.586Z]    ✅ Saved to database
[2026-02-16T06:11:46.587Z] 
[2/417] Processing: For Weddings (for-weddings)
[2026-02-16T06:11:46.588Z]    Search volume: 7200/mo | Competition: 45%
[2026-02-16T06:11:46.592Z]    Fetched 25 verses
[2026-02-16T06:11:46.593Z]    Generating content...
[2026-02-16T06:12:52.406Z]    Generated: 222 intro words, 254 guidance words, 10 FAQs
[2026-02-16T06:12:52.428Z]    ✅ Saved to database
[2026-02-16T06:12:58.429Z] 
[3/417] Processing: For Funerals (for-funerals)
[2026-02-16T06:12:58.430Z]    Search volume: 6800/mo | Competition: 38%
[2026-02-16T06:12:58.434Z]    Fetched 25 verses
[2026-02-16T06:12:58.434Z]    Generating content...
[2026-02-16T06:14:04.452Z]    Generated: 261 intro words, 296 guidance words, 10 FAQs
[2026-02-16T06:14:04.471Z]    ✅ Saved to database
[2026-02-16T06:14:10.471Z] 
[4/417] Processing: For Comfort (for-comfort)
[2026-02-16T06:14:10.472Z]    Search volume: 5400/mo | Competition: 42%
[2026-02-16T06:14:10.478Z]    Fetched 25 verses
[2026-02-16T06:14:10.479Z]    Generating content...
[2026-02-16T06:15:32.727Z]    Generated: 243 intro words, 299 guidance words, 10 FAQs
[2026-02-16T06:15:32.740Z]    ✅ Saved to database
[2026-02-16T06:15:38.742Z] 
[5/417] Processing: Short (short)
[2026-02-16T06:15:38.742Z]    Search volume: 5200/mo | Competition: 50%
[2026-02-16T06:15:38.747Z]    Fetched 25 verses
[2026-02-16T06:15:38.748Z]    Generating content...
[2026-02-16T06:16:41.722Z]    Generated: 241 intro words, 268 guidance words, 10 FAQs
[2026-02-16T06:16:41.736Z]    ✅ Saved to database
[2026-02-16T06:16:47.737Z] 
[6/417] Processing: For Strength (for-strength)
[2026-02-16T06:16:47.737Z]    Search volume: 4900/mo | Competition: 48%
[2026-02-16T06:16:47.741Z]    Fetched 25 verses
[2026-02-16T06:16:47.741Z]    Generating content...
[2026-02-16T06:18:01.600Z]    Generated: 237 intro words, 312 guidance words, 10 FAQs
[2026-02-16T06:18:01.620Z]    ✅ Saved to database
[2026-02-16T06:18:07.622Z] 
[7/417] Processing: For Encouragement (for-encouragement)
[2026-02-16T06:18:07.623Z]    Search volume: 4200/mo | Competition: 40%
[2026-02-16T06:18:07.626Z]    Fetched 25 verses
[2026-02-16T06:18:07.626Z]    Generating content...
[2026-02-16T06:19:21.601Z]    Generated: 251 intro words, 296 guidance words, 10 FAQs
[2026-02-16T06:19:21.616Z]    ✅ Saved to database
[2026-02-16T06:19:27.617Z] 
[8/417] Processing: Daily (daily)
[2026-02-16T06:19:27.617Z]    Search volume: 4200/mo | Competition: 50%
[2026-02-16T06:19:27.620Z]    Fetched 25 verses
[2026-02-16T06:19:27.621Z]    Generating content...
[2026-02-16T06:20:29.429Z]    Generated: 253 intro words, 291 guidance words, 10 FAQs
[2026-02-16T06:20:29.451Z]    ✅ Saved to database
[2026-02-16T06:20:35.452Z] 
[9/417] Processing: For Love (for-love)
[2026-02-16T06:20:35.453Z]    Search volume: 4100/mo | Competition: 58%
[2026-02-16T06:20:35.457Z]    Fetched 25 verses
[2026-02-16T06:20:35.457Z]    Generating content...
[2026-02-16T06:21:53.108Z]    Generated: 243 intro words, 280 guidance words, 10 FAQs
[2026-02-16T06:21:53.159Z]    ✅ Saved to database
